Build started 2/15/2016 10:18:18 AM.
     1>Project "C:\Users\Administrator\Desktop\pedestrian_detection\pedestrian_detection\pedestrian_detection.vcxproj" on node 2 (build target(s)).
     1>InitializeBuildStatus:
         Creating "x64\Release\pedestrian_detection.unsuccessfulbuild" because "AlwaysCreate" was specified.
       ClCompile:
         C:\Program Files (x86)\Microsoft Visual Studio 10.0\VC\bin\x86_amd64\CL.exe /c /Zi /nologo /W3 /WX- /O2 /Oi /GL /D WIN32 /D NDEBUG /D _CONSOLE /D _UNICODE /D UNICODE /Gm- /EHsc /MD /GS /Gy /fp:precise /Zc:wchar_t /Zc:forScope /Fo"x64\Release\\" /Fd"x64\Release\vc100.pdb" /Gd /TP /errorReport:prompt HOGExtractor.cpp
         HOGExtractor.cpp
       Link:
         C:\Program Files (x86)\Microsoft Visual Studio 10.0\VC\bin\x86_amd64\link.exe /ERRORREPORT:PROMPT /OUT:"C:\Users\Administrator\Desktop\pedestrian_detection\x64\Release\pedestrian_detection.exe" /INCREMENTAL:NO /NOLOGO opencv_core249.lib opencv_highgui249.lib opencv_imgproc249.lib kernel32.lib user32.lib gdi32.lib winspool.lib comdlg32.lib advapi32.lib shell32.lib ole32.lib oleaut32.lib uuid.lib odbc32.lib odbccp32.lib /MANIFEST /ManifestFile:"x64\Release\pedestrian_detection.exe.intermediate.manifest" /MANIFESTUAC:"level='asInvoker' uiAccess='false'" /DEBUG /PDB:"C:\Users\Administrator\Desktop\pedestrian_detection\x64\Release\pedestrian_detection.pdb" /SUBSYSTEM:CONSOLE /OPT:REF /OPT:ICF /LTCG /TLBID:1 /DYNAMICBASE /NXCOMPAT /IMPLIB:"C:\Users\Administrator\Desktop\pedestrian_detection\x64\Release\pedestrian_detection.lib" /MACHINE:X64 x64\Release\HOGExtractor.obj
         x64\Release\main.obj
         Generating code
         Finished generating code
         pedestrian_detection.vcxproj -> C:\Users\Administrator\Desktop\pedestrian_detection\x64\Release\pedestrian_detection.exe
       Manifest:
         C:\Program Files (x86)\Microsoft SDKs\Windows\v7.0A\bin\mt.exe /nologo /verbose /outputresource:"C:\Users\Administrator\Desktop\pedestrian_detection\x64\Release\pedestrian_detection.exe;#1" /manifest x64\Release\pedestrian_detection.exe.intermediate.manifest
       FinalizeBuildStatus:
         Deleting file "x64\Release\pedestrian_detection.unsuccessfulbuild".
         Touching "x64\Release\pedestrian_detection.lastbuildstate".
     1>Done Building Project "C:\Users\Administrator\Desktop\pedestrian_detection\pedestrian_detection\pedestrian_detection.vcxproj" (build target(s)).

Build succeeded.

Time Elapsed 00:00:01.22
