Build started 2/20/2016 6:13:37 PM.
     1>Project "C:\Users\Administrator\Desktop\pedestrian_detection\pedestrian_detection\pedestrian_detection.vcxproj" on node 2 (build target(s)).
     1>InitializeBuildStatus:
         Creating "Debug\pedestrian_detection.unsuccessfulbuild" because "AlwaysCreate" was specified.
       ClCompile:
         C:\Program Files (x86)\Microsoft Visual Studio 10.0\VC\bin\CL.exe /c /ZI /nologo /W3 /WX- /Od /Oy- /D WIN32 /D _DEBUG /D _CONSOLE /D _UNICODE /D UNICODE /Gm /EHsc /RTC1 /MDd /GS /fp:precise /Zc:wchar_t /Zc:forScope /Fo"Debug\\" /Fd"Debug\vc100.pdb" /Gd /TP /analyze- /errorReport:prompt main.cpp
         main.cpp
     1>c:\users\administrator\desktop\pedestrian_detection\library\opencv_2_49\build\include\opencv2\flann\logger.h(66): warning C4996: 'fopen': This function or variable may be unsafe. Consider using fopen_s instead. To disable deprecation, use _CRT_SECURE_NO_WARNINGS. See online help for details.
                 c:\program files (x86)\microsoft visual studio 10.0\vc\include\stdio.h(234) : see declaration of 'fopen'
     1>c:\users\administrator\desktop\pedestrian_detection\pedestrian_detection\main.cpp(32): warning C4305: 'initializing' : truncation from 'double' to 'const float'
     1>c:\users\administrator\desktop\pedestrian_detection\pedestrian_detection\main.cpp(32): warning C4305: 'initializing' : truncation from 'double' to 'const float'
     1>c:\users\administrator\desktop\pedestrian_detection\pedestrian_detection\main.cpp(32): warning C4305: 'initializing' : truncation from 'double' to 'const float'
     1>c:\users\administrator\desktop\pedestrian_detection\pedestrian_detection\main.cpp(35): warning C4305: 'initializing' : truncation from 'double' to 'const float'
     1>c:\users\administrator\desktop\pedestrian_detection\pedestrian_detection\main.cpp(113): warning C4996: 'sprintf': This function or variable may be unsafe. Consider using sprintf_s instead. To disable deprecation, use _CRT_SECURE_NO_WARNINGS. See online help for details.
                 c:\program files (x86)\microsoft visual studio 10.0\vc\include\stdio.h(371) : see declaration of 'sprintf'
     1>c:\users\administrator\desktop\pedestrian_detection\pedestrian_detection\main.cpp(143): warning C4996: 'sprintf': This function or variable may be unsafe. Consider using sprintf_s instead. To disable deprecation, use _CRT_SECURE_NO_WARNINGS. See online help for details.
                 c:\program files (x86)\microsoft visual studio 10.0\vc\include\stdio.h(371) : see declaration of 'sprintf'
       ManifestResourceCompile:
         All outputs are up-to-date.
       Link:
         C:\Program Files (x86)\Microsoft Visual Studio 10.0\VC\bin\link.exe /ERRORREPORT:PROMPT /OUT:"C:\Users\Administrator\Desktop\pedestrian_detection\Debug\pedestrian_detection.exe" /INCREMENTAL /NOLOGO opencv_core249d.lib opencv_highgui249d.lib opencv_imgproc249d.lib opencv_ml249d.lib kernel32.lib user32.lib gdi32.lib winspool.lib comdlg32.lib advapi32.lib shell32.lib ole32.lib oleaut32.lib uuid.lib odbc32.lib odbccp32.lib /MANIFEST /ManifestFile:"Debug\pedestrian_detection.exe.intermediate.manifest" /MANIFESTUAC:"level='asInvoker' uiAccess='false'" /DEBUG /PDB:"C:\Users\Administrator\Desktop\pedestrian_detection\Debug\pedestrian_detection.pdb" /SUBSYSTEM:CONSOLE /TLBID:1 /DYNAMICBASE /NXCOMPAT /IMPLIB:"C:\Users\Administrator\Desktop\pedestrian_detection\Debug\pedestrian_detection.lib" /MACHINE:X86 Debug\pedestrian_detection.exe.embed.manifest.res
         Debug\Detector.obj
         Debug\DetEvaluator.obj
         Debug\HOGExtractor.obj
         Debug\main.obj
         Debug\PostProcessor.obj
       Manifest:
         C:\Program Files (x86)\Microsoft SDKs\Windows\v7.0A\bin\mt.exe /nologo /verbose /out:"Debug\pedestrian_detection.exe.embed.manifest" /manifest Debug\pedestrian_detection.exe.intermediate.manifest
         All outputs are up-to-date.
       LinkEmbedManifest:
         All outputs are up-to-date.
         pedestrian_detection.vcxproj -> C:\Users\Administrator\Desktop\pedestrian_detection\Debug\pedestrian_detection.exe
       PostBuildEvent:
         xcopy /d /y "C:\Users\Administrator\Desktop\pedestrian_detection\\Library\opencv_2_49\build\x86\vc10\bin\opencv_core249d.dll" "C:\Users\Administrator\Desktop\pedestrian_detection\Debug\"
         xcopy /d /y "C:\Users\Administrator\Desktop\pedestrian_detection\\Library\opencv_2_49\build\x86\vc10\bin\opencv_highgui249d.dll" "C:\Users\Administrator\Desktop\pedestrian_detection\Debug\"
         xcopy /d /y "C:\Users\Administrator\Desktop\pedestrian_detection\\Library\opencv_2_49\build\x86\vc10\bin\opencv_imgproc249d.dll" "C:\Users\Administrator\Desktop\pedestrian_detection\Debug\"
         xcopy /d /y "C:\Users\Administrator\Desktop\pedestrian_detection\\Library\opencv_2_49\build\x86\vc10\bin\opencv_ml249d.dll" "C:\Users\Administrator\Desktop\pedestrian_detection\Debug\"
         :VCEnd
         0 File(s) copied
         0 File(s) copied
         0 File(s) copied
         0 File(s) copied
       FinalizeBuildStatus:
         Deleting file "Debug\pedestrian_detection.unsuccessfulbuild".
         Touching "Debug\pedestrian_detection.lastbuildstate".
     1>Done Building Project "C:\Users\Administrator\Desktop\pedestrian_detection\pedestrian_detection\pedestrian_detection.vcxproj" (build target(s)).

Build succeeded.

Time Elapsed 00:00:01.59
